# JRE version: Java(TM) SE Runtime Environment (8.0_201-b09) (build 1.8.0_201-b09)
# Java VM: Java HotSpot(TM) 64-Bit Server VM (25.201-b09 mixed mode linux-amd64 compressed oops)
Heap:
 PSYoungGen      total 3664896K, used 1832447K [0x0000000670780000, 0x00000007c0000000, 0x00000007c0000000)
  eden space 1832448K, 99% used [0x0000000670780000,0x00000006e04fffc8,0x00000006e0500000)
  from space 1832448K, 0% used [0x00000006e0500000,0x00000006e0500000,0x0000000750280000)
  to   space 1832448K, 0% used [0x0000000750280000,0x0000000750280000,0x00000007c0000000)
 ParOldGen       total 10995200K, used 10994737K [0x00000003d1600000, 0x0000000670780000, 0x0000000670780000)
  object space 10995200K, 99% used [0x00000003d1600000,0x000000067070c5f8,0x0000000670780000)
 Metaspace       used 12091K, capacity 12192K, committed 12416K, reserved 1060864K
  class space    used 1623K, capacity 1649K, committed 1664K, reserved 1048576K
GC Heap History (10 events):
Event: 3667.863 GC heap after
Heap after GC invocations=1267 (full 1220):
 PSYoungGen      total 3664896K, used 1832429K [0x0000000670780000, 0x00000007c0000000, 0x00000007c0000000)
  eden space 1832448K, 99% used [0x0000000670780000,0x00000006e04fb520,0x00000006e0500000)
  from space 1832448K, 0% used [0x00000006e0500000,0x00000006e0500000,0x0000000750280000)
  to   space 1832448K, 0% used [0x0000000750280000,0x0000000750280000,0x00000007c0000000)
 ParOldGen       total 10995200K, used 10994737K [0x00000003d1600000, 0x0000000670780000, 0x0000000670780000)
  object space 10995200K, 99% used [0x00000003d1600000,0x000000067070c5f8,0x0000000670780000)
 Metaspace       used 12091K, capacity 12192K, committed 12416K, reserved 1060864K
  class space    used 1623K, capacity 1649K, committed 1664K, reserved 1048576K
}
Event: 3667.863 GC heap before
{Heap before GC invocations=1268 (full 1221):
 PSYoungGen      total 3664896K, used 1832448K [0x0000000670780000, 0x00000007c0000000, 0x00000007c0000000)
  eden space 1832448K, 100% used [0x0000000670780000,0x00000006e0500000,0x00000006e0500000)
  from space 1832448K, 0% used [0x00000006e0500000,0x00000006e0500000,0x0000000750280000)
  to   space 1832448K, 0% used [0x0000000750280000,0x0000000750280000,0x00000007c0000000)
 ParOldGen       total 10995200K, used 10994737K [0x00000003d1600000, 0x0000000670780000, 0x0000000670780000)
  object space 10995200K, 99% used [0x00000003d1600000,0x000000067070c5f8,0x0000000670780000)
 Metaspace       used 12091K, capacity 12192K, committed 12416K, reserved 1060864K
  class space    used 1623K, capacity 1649K, committed 1664K, reserved 1048576K
Event: 3670.586 GC heap after
Heap after GC invocations=1268 (full 1221):
 PSYoungGen      total 3664896K, used 1832425K [0x0000000670780000, 0x00000007c0000000, 0x00000007c0000000)
  eden space 1832448K, 99% used [0x0000000670780000,0x00000006e04fa5a0,0x00000006e0500000)
  from space 1832448K, 0% used [0x00000006e0500000,0x00000006e0500000,0x0000000750280000)
  to   space 1832448K, 0% used [0x0000000750280000,0x0000000750280000,0x00000007c0000000)
 ParOldGen       total 10995200K, used 10994737K [0x00000003d1600000, 0x0000000670780000, 0x0000000670780000)
  object space 10995200K, 99% used [0x00000003d1600000,0x000000067070c5f8,0x0000000670780000)
 Metaspace       used 12091K, capacity 12192K, committed 12416K, reserved 1060864K
  class space    used 1623K, capacity 1649K, committed 1664K, reserved 1048576K
}
Event: 3670.586 GC heap before
{Heap before GC invocations=1269 (full 1222):
 PSYoungGen      total 3664896K, used 1832447K [0x0000000670780000, 0x00000007c0000000, 0x00000007c0000000)
  eden space 1832448K, 99% used [0x0000000670780000,0x00000006e04fff38,0x00000006e0500000)
  from space 1832448K, 0% used [0x00000006e0500000,0x00000006e0500000,0x0000000750280000)
  to   space 1832448K, 0% used [0x0000000750280000,0x0000000750280000,0x00000007c0000000)
 ParOldGen       total 10995200K, used 10994737K [0x00000003d1600000, 0x0000000670780000, 0x0000000670780000)
  object space 10995200K, 99% used [0x00000003d1600000,0x000000067070c5f8,0x0000000670780000)
 Metaspace       used 12091K, capacity 12192K, committed 12416K, reserved 1060864K
  class space    used 1623K, capacity 1649K, committed 1664K, reserved 1048576K
Event: 3673.479 GC heap after
Heap after GC invocations=1269 (full 1222):
 PSYoungGen      total 3664896K, used 1832399K [0x0000000670780000, 0x00000007c0000000, 0x00000007c0000000)
  eden space 1832448K, 99% used [0x0000000670780000,0x00000006e04f3c38,0x00000006e0500000)
  from space 1832448K, 0% used [0x00000006e0500000,0x00000006e0500000,0x0000000750280000)
  to   space 1832448K, 0% used [0x0000000750280000,0x0000000750280000,0x00000007c0000000)
 ParOldGen       total 10995200K, used 10994737K [0x00000003d1600000, 0x0000000670780000, 0x0000000670780000)
  object space 10995200K, 99% used [0x00000003d1600000,0x000000067070c5f8,0x0000000670780000)
 Metaspace       used 12091K, capacity 12192K, committed 12416K, reserved 1060864K
  class space    used 1623K, capacity 1649K, committed 1664K, reserved 1048576K
}
Event: 3673.479 GC heap before
{Heap before GC invocations=1270 (full 1223):
 PSYoungGen      total 3664896K, used 1832448K [0x0000000670780000, 0x00000007c0000000, 0x00000007c0000000)
  eden space 1832448K, 100% used [0x0000000670780000,0x00000006e0500000,0x00000006e0500000)
  from space 1832448K, 0% used [0x00000006e0500000,0x00000006e0500000,0x0000000750280000)
  to   space 1832448K, 0% used [0x0000000750280000,0x0000000750280000,0x00000007c0000000)
 ParOldGen       total 10995200K, used 10994737K [0x00000003d1600000, 0x0000000670780000, 0x0000000670780000)
  object space 10995200K, 99% used [0x00000003d1600000,0x000000067070c5f8,0x0000000670780000)
 Metaspace       used 12091K, capacity 12192K, committed 12416K, reserved 1060864K
  class space    used 1623K, capacity 1649K, committed 1664K, reserved 1048576K
Event: 3676.281 GC heap after
Heap after GC invocations=1270 (full 1223):
 PSYoungGen      total 3664896K, used 1832398K [0x0000000670780000, 0x00000007c0000000, 0x00000007c0000000)
  eden space 1832448K, 99% used [0x0000000670780000,0x00000006e04f39d8,0x00000006e0500000)
  from space 1832448K, 0% used [0x00000006e0500000,0x00000006e0500000,0x0000000750280000)
  to   space 1832448K, 0% used [0x0000000750280000,0x0000000750280000,0x00000007c0000000)
 ParOldGen       total 10995200K, used 10994737K [0x00000003d1600000, 0x0000000670780000, 0x0000000670780000)
  object space 10995200K, 99% used [0x00000003d1600000,0x000000067070c5f8,0x0000000670780000)
 Metaspace       used 12091K, capacity 12192K, committed 12416K, reserved 1060864K
  class space    used 1623K, capacity 1649K, committed 1664K, reserved 1048576K
}
Event: 3676.282 GC heap before
{Heap before GC invocations=1271 (full 1224):
 PSYoungGen      total 3664896K, used 1832448K [0x0000000670780000, 0x00000007c0000000, 0x00000007c0000000)
  eden space 1832448K, 100% used [0x0000000670780000,0x00000006e0500000,0x00000006e0500000)
  from space 1832448K, 0% used [0x00000006e0500000,0x00000006e0500000,0x0000000750280000)
  to   space 1832448K, 0% used [0x0000000750280000,0x0000000750280000,0x00000007c0000000)
 ParOldGen       total 10995200K, used 10994737K [0x00000003d1600000, 0x0000000670780000, 0x0000000670780000)
  object space 10995200K, 99% used [0x00000003d1600000,0x000000067070c5f8,0x0000000670780000)
 Metaspace       used 12091K, capacity 12192K, committed 12416K, reserved 1060864K
  class space    used 1623K, capacity 1649K, committed 1664K, reserved 1048576K
Event: 3679.121 GC heap after
Heap after GC invocations=1271 (full 1224):
 PSYoungGen      total 3664896K, used 1832398K [0x0000000670780000, 0x00000007c0000000, 0x00000007c0000000)
  eden space 1832448K, 99% used [0x0000000670780000,0x00000006e04f39e8,0x00000006e0500000)
  from space 1832448K, 0% used [0x00000006e0500000,0x00000006e0500000,0x0000000750280000)
  to   space 1832448K, 0% used [0x0000000750280000,0x0000000750280000,0x00000007c0000000)
 ParOldGen       total 10995200K, used 10994737K [0x00000003d1600000, 0x0000000670780000, 0x0000000670780000)
  object space 10995200K, 99% used [0x00000003d1600000,0x000000067070c5f8,0x0000000670780000)
 Metaspace       used 12091K, capacity 12192K, committed 12416K, reserved 1060864K
  class space    used 1623K, capacity 1649K, committed 1664K, reserved 1048576K
}
Event: 3679.122 GC heap before
{Heap before GC invocations=1272 (full 1225):
 PSYoungGen      total 3664896K, used 1832447K [0x0000000670780000, 0x00000007c0000000, 0x00000007c0000000)
  eden space 1832448K, 99% used [0x0000000670780000,0x00000006e04fffc8,0x00000006e0500000)
  from space 1832448K, 0% used [0x00000006e0500000,0x00000006e0500000,0x0000000750280000)
  to   space 1832448K, 0% used [0x0000000750280000,0x0000000750280000,0x00000007c0000000)
 ParOldGen       total 10995200K, used 10994737K [0x00000003d1600000, 0x0000000670780000, 0x0000000670780000)
  object space 10995200K, 99% used [0x00000003d1600000,0x000000067070c5f8,0x0000000670780000)
 Metaspace       used 12091K, capacity 12192K, committed 12416K, reserved 1060864K
  class space    used 1623K, capacity 1649K, committed 1664K, reserved 1048576K

